{"/Users/alex.iliev/Documents/Projects/Personal/NYTimesArticles/src/actions/actionTypes.js": {"path":"/Users/alex.iliev/Documents/Projects/Personal/NYTimesArticles/src/actions/actionTypes.js","statementMap":{"0":{"start":{"line":1,"column":35},"end":{"line":1,"column":56}},"1":{"start":{"line":2,"column":43},"end":{"line":2,"column":72}},"2":{"start":{"line":3,"column":40},"end":{"line":3,"column":66}}},"fnMap":{},"branchMap":{},"s":{"0":3,"1":3,"2":3},"f":{},"b":{},"_coverageSchema":"43e27e138ebf9cfc5966b082cf9a028302ed4184","hash":"421b49de7cf741a0081d34b6799dd1938bb2978a"}
,"/Users/alex.iliev/Documents/Projects/Personal/NYTimesArticles/src/actions/index.js": {"path":"/Users/alex.iliev/Documents/Projects/Personal/NYTimesArticles/src/actions/index.js","statementMap":{"0":{"start":{"line":7,"column":33},"end":{"line":9,"column":2}},"1":{"start":{"line":7,"column":40},"end":{"line":9,"column":1}},"2":{"start":{"line":11,"column":40},"end":{"line":14,"column":2}},"3":{"start":{"line":11,"column":49},"end":{"line":14,"column":1}},"4":{"start":{"line":16,"column":37},"end":{"line":19,"column":2}},"5":{"start":{"line":16,"column":47},"end":{"line":19,"column":1}}},"fnMap":{"0":{"name":"(anonymous_0)","decl":{"start":{"line":7,"column":33},"end":{"line":7,"column":34}},"loc":{"start":{"line":7,"column":40},"end":{"line":9,"column":1}},"line":7},"1":{"name":"(anonymous_1)","decl":{"start":{"line":11,"column":40},"end":{"line":11,"column":41}},"loc":{"start":{"line":11,"column":49},"end":{"line":14,"column":1}},"line":11},"2":{"name":"(anonymous_2)","decl":{"start":{"line":16,"column":37},"end":{"line":16,"column":38}},"loc":{"start":{"line":16,"column":47},"end":{"line":19,"column":1}},"line":16}},"branchMap":{},"s":{"0":3,"1":2,"2":3,"3":4,"4":3,"5":4},"f":{"0":2,"1":4,"2":4},"b":{},"_coverageSchema":"43e27e138ebf9cfc5966b082cf9a028302ed4184","hash":"508557e905ae37e6ceb99cbe037c50788f393c0b"}
,"/Users/alex.iliev/Documents/Projects/Personal/NYTimesArticles/src/components/index.js": {"path":"/Users/alex.iliev/Documents/Projects/Personal/NYTimesArticles/src/components/index.js","statementMap":{},"fnMap":{},"branchMap":{},"s":{},"f":{},"b":{},"_coverageSchema":"43e27e138ebf9cfc5966b082cf9a028302ed4184","hash":"b590bd8faa470e36063b83c2cc8027ab44b61afb"}
,"/Users/alex.iliev/Documents/Projects/Personal/NYTimesArticles/src/components/Article/index.js": {"path":"/Users/alex.iliev/Documents/Projects/Personal/NYTimesArticles/src/components/Article/index.js","statementMap":{"0":{"start":{"line":13,"column":16},"end":{"line":53,"column":1}},"1":{"start":{"line":20,"column":2},"end":{"line":52,"column":9}},"2":{"start":{"line":55,"column":0},"end":{"line":61,"column":2}}},"fnMap":{"0":{"name":"(anonymous_0)","decl":{"start":{"line":13,"column":16},"end":{"line":13,"column":17}},"loc":{"start":{"line":20,"column":2},"end":{"line":52,"column":9}},"line":20}},"branchMap":{"0":{"loc":{"start":{"line":34,"column":13},"end":{"line":34,"column":41}},"type":"cond-expr","locations":[{"start":{"line":34,"column":28},"end":{"line":34,"column":33}},{"start":{"line":34,"column":36},"end":{"line":34,"column":41}}],"line":34},"1":{"loc":{"start":{"line":38,"column":15},"end":{"line":38,"column":46}},"type":"cond-expr","locations":[{"start":{"line":38,"column":31},"end":{"line":38,"column":37}},{"start":{"line":38,"column":40},"end":{"line":38,"column":46}}],"line":38},"2":{"loc":{"start":{"line":41,"column":15},"end":{"line":41,"column":59}},"type":"cond-expr","locations":[{"start":{"line":41,"column":38},"end":{"line":41,"column":51}},{"start":{"line":41,"column":54},"end":{"line":41,"column":59}}],"line":41}},"s":{"0":5,"1":2,"2":5},"f":{"0":2},"b":{"0":[1,1],"1":[1,1],"2":[1,1]},"_coverageSchema":"43e27e138ebf9cfc5966b082cf9a028302ed4184","hash":"5952cc3795c1e4e0cb3990a3be890b79a17f03c4"}
,"/Users/alex.iliev/Documents/Projects/Personal/NYTimesArticles/src/components/Article/styles.js": {"path":"/Users/alex.iliev/Documents/Projects/Personal/NYTimesArticles/src/components/Article/styles.js","statementMap":{},"fnMap":{},"branchMap":{},"s":{},"f":{},"b":{},"_coverageSchema":"43e27e138ebf9cfc5966b082cf9a028302ed4184","hash":"a510546720d287ae5a77af790de99adc5c9ac115"}
,"/Users/alex.iliev/Documents/Projects/Personal/NYTimesArticles/src/components/ArticleDetails/index.js": {"path":"/Users/alex.iliev/Documents/Projects/Personal/NYTimesArticles/src/components/ArticleDetails/index.js","statementMap":{"0":{"start":{"line":7,"column":23},"end":{"line":32,"column":1}},"1":{"start":{"line":14,"column":23},"end":{"line":14,"column":52}},"2":{"start":{"line":16,"column":2},"end":{"line":31,"column":4}},"3":{"start":{"line":34,"column":0},"end":{"line":40,"column":2}}},"fnMap":{"0":{"name":"(anonymous_0)","decl":{"start":{"line":7,"column":23},"end":{"line":7,"column":24}},"loc":{"start":{"line":13,"column":6},"end":{"line":32,"column":1}},"line":13}},"branchMap":{},"s":{"0":5,"1":2,"2":2,"3":5},"f":{"0":2},"b":{},"_coverageSchema":"43e27e138ebf9cfc5966b082cf9a028302ed4184","hash":"9580e6eb5ffe7e52c9fc6a810091cbf6a140911f"}
,"/Users/alex.iliev/Documents/Projects/Personal/NYTimesArticles/src/components/ArticleDetails/styles.js": {"path":"/Users/alex.iliev/Documents/Projects/Personal/NYTimesArticles/src/components/ArticleDetails/styles.js","statementMap":{},"fnMap":{},"branchMap":{"0":{"loc":{"start":{"line":11,"column":15},"end":{"line":11,"column":46}},"type":"cond-expr","locations":[{"start":{"line":11,"column":39},"end":{"line":11,"column":41}},{"start":{"line":11,"column":44},"end":{"line":11,"column":46}}],"line":11}},"s":{},"f":{},"b":{"0":[5,0]},"_coverageSchema":"43e27e138ebf9cfc5966b082cf9a028302ed4184","hash":"3d90a5b77efcdae5ed3f8b3a159f760bd0b5125b"}
,"/Users/alex.iliev/Documents/Projects/Personal/NYTimesArticles/src/components/ArticlesList/index.js": {"path":"/Users/alex.iliev/Documents/Projects/Personal/NYTimesArticles/src/components/ArticlesList/index.js","statementMap":{"0":{"start":{"line":7,"column":21},"end":{"line":29,"column":1}},"1":{"start":{"line":8,"column":2},"end":{"line":28,"column":9}},"2":{"start":{"line":15,"column":8},"end":{"line":24,"column":10}},"3":{"start":{"line":22,"column":18},"end":{"line":22,"column":71}},"4":{"start":{"line":26,"column":28},"end":{"line":26,"column":46}},"5":{"start":{"line":31,"column":0},"end":{"line":33,"column":2}}},"fnMap":{"0":{"name":"(anonymous_0)","decl":{"start":{"line":7,"column":21},"end":{"line":7,"column":22}},"loc":{"start":{"line":8,"column":2},"end":{"line":28,"column":9}},"line":8},"1":{"name":"(anonymous_1)","decl":{"start":{"line":14,"column":18},"end":{"line":14,"column":19}},"loc":{"start":{"line":15,"column":8},"end":{"line":24,"column":10}},"line":15},"2":{"name":"(anonymous_2)","decl":{"start":{"line":22,"column":12},"end":{"line":22,"column":13}},"loc":{"start":{"line":22,"column":18},"end":{"line":22,"column":71}},"line":22},"3":{"name":"(anonymous_3)","decl":{"start":{"line":26,"column":20},"end":{"line":26,"column":21}},"loc":{"start":{"line":26,"column":28},"end":{"line":26,"column":46}},"line":26}},"branchMap":{},"s":{"0":5,"1":3,"2":0,"3":0,"4":0,"5":5},"f":{"0":3,"1":0,"2":0,"3":0},"b":{},"_coverageSchema":"43e27e138ebf9cfc5966b082cf9a028302ed4184","hash":"b45f825024d61e9f976e00460015bfd1571e1056"}
,"/Users/alex.iliev/Documents/Projects/Personal/NYTimesArticles/src/components/CustomHeader/index.js": {"path":"/Users/alex.iliev/Documents/Projects/Personal/NYTimesArticles/src/components/CustomHeader/index.js","statementMap":{"0":{"start":{"line":7,"column":21},"end":{"line":11,"column":1}},"1":{"start":{"line":8,"column":2},"end":{"line":10,"column":9}}},"fnMap":{"0":{"name":"(anonymous_0)","decl":{"start":{"line":7,"column":21},"end":{"line":7,"column":22}},"loc":{"start":{"line":8,"column":2},"end":{"line":10,"column":9}},"line":8}},"branchMap":{},"s":{"0":5,"1":0},"f":{"0":0},"b":{},"_coverageSchema":"43e27e138ebf9cfc5966b082cf9a028302ed4184","hash":"4d716e689f28e7772c0615d680e78db7e25aee9f"}
,"/Users/alex.iliev/Documents/Projects/Personal/NYTimesArticles/src/components/CustomHeader/styles.js": {"path":"/Users/alex.iliev/Documents/Projects/Personal/NYTimesArticles/src/components/CustomHeader/styles.js","statementMap":{},"fnMap":{},"branchMap":{},"s":{},"f":{},"b":{},"_coverageSchema":"43e27e138ebf9cfc5966b082cf9a028302ed4184","hash":"55e3a74b2386111a2dc15a68bb9bae9a896d8dc4"}
,"/Users/alex.iliev/Documents/Projects/Personal/NYTimesArticles/src/components/Loader/index.js": {"path":"/Users/alex.iliev/Documents/Projects/Personal/NYTimesArticles/src/components/Loader/index.js","statementMap":{"0":{"start":{"line":7,"column":15},"end":{"line":12,"column":1}},"1":{"start":{"line":8,"column":2},"end":{"line":11,"column":9}},"2":{"start":{"line":14,"column":0},"end":{"line":16,"column":2}}},"fnMap":{"0":{"name":"(anonymous_0)","decl":{"start":{"line":7,"column":15},"end":{"line":7,"column":16}},"loc":{"start":{"line":8,"column":2},"end":{"line":11,"column":9}},"line":8}},"branchMap":{},"s":{"0":5,"1":2,"2":5},"f":{"0":2},"b":{},"_coverageSchema":"43e27e138ebf9cfc5966b082cf9a028302ed4184","hash":"3d0736c61da621a06ae615650df15296b6c78beb"}
,"/Users/alex.iliev/Documents/Projects/Personal/NYTimesArticles/src/components/Loader/styles.js": {"path":"/Users/alex.iliev/Documents/Projects/Personal/NYTimesArticles/src/components/Loader/styles.js","statementMap":{},"fnMap":{},"branchMap":{},"s":{},"f":{},"b":{},"_coverageSchema":"43e27e138ebf9cfc5966b082cf9a028302ed4184","hash":"51ed9dd046e4f44e986d82d00c6768e633342cbb"}
,"/Users/alex.iliev/Documents/Projects/Personal/NYTimesArticles/src/components/NoData/index.js": {"path":"/Users/alex.iliev/Documents/Projects/Personal/NYTimesArticles/src/components/NoData/index.js","statementMap":{"0":{"start":{"line":9,"column":15},"end":{"line":18,"column":1}},"1":{"start":{"line":10,"column":2},"end":{"line":17,"column":12}},"2":{"start":{"line":20,"column":0},"end":{"line":22,"column":2}}},"fnMap":{"0":{"name":"(anonymous_0)","decl":{"start":{"line":9,"column":15},"end":{"line":9,"column":16}},"loc":{"start":{"line":10,"column":2},"end":{"line":17,"column":12}},"line":10}},"branchMap":{},"s":{"0":5,"1":1,"2":5},"f":{"0":1},"b":{},"_coverageSchema":"43e27e138ebf9cfc5966b082cf9a028302ed4184","hash":"8c28b5dfca3db733b256870f374f7152556b843d"}
,"/Users/alex.iliev/Documents/Projects/Personal/NYTimesArticles/src/components/NoData/styles.js": {"path":"/Users/alex.iliev/Documents/Projects/Personal/NYTimesArticles/src/components/NoData/styles.js","statementMap":{"0":{"start":{"line":4,"column":21},"end":{"line":4,"column":52}}},"fnMap":{},"branchMap":{},"s":{"0":5},"f":{},"b":{},"_coverageSchema":"43e27e138ebf9cfc5966b082cf9a028302ed4184","hash":"414cd73c26a1cc9711f72da6bdf96e61311e0514"}
,"/Users/alex.iliev/Documents/Projects/Personal/NYTimesArticles/src/reducers/articleReducer.js": {"path":"/Users/alex.iliev/Documents/Projects/Personal/NYTimesArticles/src/reducers/articleReducer.js","statementMap":{"0":{"start":{"line":7,"column":21},"end":{"line":12,"column":1}},"1":{"start":{"line":15,"column":2},"end":{"line":36,"column":3}},"2":{"start":{"line":17,"column":6},"end":{"line":20,"column":8}},"3":{"start":{"line":22,"column":6},"end":{"line":26,"column":8}},"4":{"start":{"line":28,"column":6},"end":{"line":33,"column":8}},"5":{"start":{"line":35,"column":6},"end":{"line":35,"column":19}}},"fnMap":{"0":{"name":"(anonymous_0)","decl":{"start":{"line":14,"column":15},"end":{"line":14,"column":16}},"loc":{"start":{"line":14,"column":55},"end":{"line":37,"column":1}},"line":14}},"branchMap":{"0":{"loc":{"start":{"line":14,"column":25},"end":{"line":14,"column":45}},"type":"default-arg","locations":[{"start":{"line":14,"column":33},"end":{"line":14,"column":45}}],"line":14},"1":{"loc":{"start":{"line":15,"column":2},"end":{"line":36,"column":3}},"type":"switch","locations":[{"start":{"line":16,"column":4},"end":{"line":20,"column":8}},{"start":{"line":21,"column":4},"end":{"line":26,"column":8}},{"start":{"line":27,"column":4},"end":{"line":33,"column":8}},{"start":{"line":34,"column":4},"end":{"line":35,"column":19}}],"line":15}},"s":{"0":2,"1":7,"2":1,"3":2,"4":2,"5":2},"f":{"0":7},"b":{"0":[2],"1":[1,2,2,2]},"_coverageSchema":"43e27e138ebf9cfc5966b082cf9a028302ed4184","hash":"e13fc05dbffc21e5bc5abe30809f0194c1e7d587"}
,"/Users/alex.iliev/Documents/Projects/Personal/NYTimesArticles/src/sagas/index.js": {"path":"/Users/alex.iliev/Documents/Projects/Personal/NYTimesArticles/src/sagas/index.js","statementMap":{"0":{"start":{"line":6,"column":31},"end":{"line":13,"column":1}},"1":{"start":{"line":7,"column":2},"end":{"line":12,"column":3}},"2":{"start":{"line":8,"column":17},"end":{"line":8,"column":46}},"3":{"start":{"line":9,"column":4},"end":{"line":9,"column":54}},"4":{"start":{"line":11,"column":4},"end":{"line":11,"column":44}},"5":{"start":{"line":16,"column":2},"end":{"line":16,"column":57}}},"fnMap":{"0":{"name":"(anonymous_0)","decl":{"start":{"line":6,"column":31},"end":{"line":6,"column":32}},"loc":{"start":{"line":6,"column":43},"end":{"line":13,"column":1}},"line":6},"1":{"name":"(anonymous_1)","decl":{"start":{"line":15,"column":15},"end":{"line":15,"column":16}},"loc":{"start":{"line":15,"column":27},"end":{"line":17,"column":1}},"line":15}},"branchMap":{},"s":{"0":1,"1":2,"2":2,"3":1,"4":1,"5":1},"f":{"0":2,"1":1},"b":{},"_coverageSchema":"43e27e138ebf9cfc5966b082cf9a028302ed4184","hash":"3d495539549aca63db37387cd4d49784194f7b75"}
,"/Users/alex.iliev/Documents/Projects/Personal/NYTimesArticles/src/services/index.js": {"path":"/Users/alex.iliev/Documents/Projects/Personal/NYTimesArticles/src/services/index.js","statementMap":{"0":{"start":{"line":1,"column":23},"end":{"line":11,"column":1}},"1":{"start":{"line":2,"column":18},"end":{"line":2,"column":48}},"2":{"start":{"line":4,"column":19},"end":{"line":8,"column":4}},"3":{"start":{"line":10,"column":2},"end":{"line":10,"column":25}},"4":{"start":{"line":13,"column":16},"end":{"line":13,"column":24}},"5":{"start":{"line":14,"column":15},"end":{"line":14,"column":18}},"6":{"start":{"line":16,"column":16},"end":{"line":16,"column":50}},"7":{"start":{"line":17,"column":21},"end":{"line":17,"column":66}},"8":{"start":{"line":19,"column":33},"end":{"line":22,"column":1}},"9":{"start":{"line":19,"column":39},"end":{"line":22,"column":1}}},"fnMap":{"0":{"name":"(anonymous_0)","decl":{"start":{"line":1,"column":23},"end":{"line":1,"column":24}},"loc":{"start":{"line":1,"column":57},"end":{"line":11,"column":1}},"line":1},"1":{"name":"(anonymous_1)","decl":{"start":{"line":19,"column":33},"end":{"line":19,"column":34}},"loc":{"start":{"line":19,"column":39},"end":{"line":22,"column":1}},"line":19}},"branchMap":{},"s":{"0":1,"1":0,"2":0,"3":0,"4":1,"5":1,"6":1,"7":1,"8":1,"9":0},"f":{"0":0,"1":0},"b":{},"_coverageSchema":"43e27e138ebf9cfc5966b082cf9a028302ed4184","hash":"18509b0041221484881cefef60f35335cd7584a1"}
}
