TN:
SF:/Users/alex.iliev/Documents/Projects/Personal/NYTimesArticles/src/actions/actionTypes.js
FNF:0
FNH:0
DA:1,3
DA:2,3
DA:3,3
LF:3
LH:3
BRF:0
BRH:0
end_of_record
TN:
SF:/Users/alex.iliev/Documents/Projects/Personal/NYTimesArticles/src/actions/index.js
FN:7,(anonymous_0)
FN:11,(anonymous_1)
FN:16,(anonymous_2)
FNF:3
FNH:3
FNDA:2,(anonymous_0)
FNDA:4,(anonymous_1)
FNDA:4,(anonymous_2)
DA:7,3
DA:11,4
DA:16,4
LF:3
LH:3
BRF:0
BRH:0
end_of_record
TN:
SF:/Users/alex.iliev/Documents/Projects/Personal/NYTimesArticles/src/components/index.js
FNF:0
FNH:0
LF:0
LH:0
BRF:0
BRH:0
end_of_record
TN:
SF:/Users/alex.iliev/Documents/Projects/Personal/NYTimesArticles/src/components/Article/index.js
FN:13,(anonymous_0)
FNF:1
FNH:1
FNDA:2,(anonymous_0)
DA:13,5
DA:20,2
DA:55,5
LF:3
LH:3
BRDA:34,0,0,1
BRDA:34,0,1,1
BRDA:38,1,0,1
BRDA:38,1,1,1
BRDA:41,2,0,1
BRDA:41,2,1,1
BRF:6
BRH:6
end_of_record
TN:
SF:/Users/alex.iliev/Documents/Projects/Personal/NYTimesArticles/src/components/Article/styles.js
FNF:0
FNH:0
LF:0
LH:0
BRF:0
BRH:0
end_of_record
TN:
SF:/Users/alex.iliev/Documents/Projects/Personal/NYTimesArticles/src/components/ArticleDetails/index.js
FN:7,(anonymous_0)
FNF:1
FNH:1
FNDA:2,(anonymous_0)
DA:7,5
DA:14,2
DA:16,2
DA:34,5
LF:4
LH:4
BRF:0
BRH:0
end_of_record
TN:
SF:/Users/alex.iliev/Documents/Projects/Personal/NYTimesArticles/src/components/ArticleDetails/styles.js
FNF:0
FNH:0
LF:0
LH:0
BRDA:11,0,0,5
BRDA:11,0,1,0
BRF:2
BRH:1
end_of_record
TN:
SF:/Users/alex.iliev/Documents/Projects/Personal/NYTimesArticles/src/components/ArticlesList/index.js
FN:7,(anonymous_0)
FN:14,(anonymous_1)
FN:22,(anonymous_2)
FN:26,(anonymous_3)
FNF:4
FNH:1
FNDA:3,(anonymous_0)
FNDA:0,(anonymous_1)
FNDA:0,(anonymous_2)
FNDA:0,(anonymous_3)
DA:7,5
DA:8,3
DA:15,0
DA:22,0
DA:26,0
DA:31,5
LF:6
LH:3
BRF:0
BRH:0
end_of_record
TN:
SF:/Users/alex.iliev/Documents/Projects/Personal/NYTimesArticles/src/components/CustomHeader/index.js
FN:7,(anonymous_0)
FNF:1
FNH:0
FNDA:0,(anonymous_0)
DA:7,5
DA:8,0
LF:2
LH:1
BRF:0
BRH:0
end_of_record
TN:
SF:/Users/alex.iliev/Documents/Projects/Personal/NYTimesArticles/src/components/CustomHeader/styles.js
FNF:0
FNH:0
LF:0
LH:0
BRF:0
BRH:0
end_of_record
TN:
SF:/Users/alex.iliev/Documents/Projects/Personal/NYTimesArticles/src/components/Loader/index.js
FN:7,(anonymous_0)
FNF:1
FNH:1
FNDA:2,(anonymous_0)
DA:7,5
DA:8,2
DA:14,5
LF:3
LH:3
BRF:0
BRH:0
end_of_record
TN:
SF:/Users/alex.iliev/Documents/Projects/Personal/NYTimesArticles/src/components/Loader/styles.js
FNF:0
FNH:0
LF:0
LH:0
BRF:0
BRH:0
end_of_record
TN:
SF:/Users/alex.iliev/Documents/Projects/Personal/NYTimesArticles/src/components/NoData/index.js
FN:9,(anonymous_0)
FNF:1
FNH:1
FNDA:1,(anonymous_0)
DA:9,5
DA:10,1
DA:20,5
LF:3
LH:3
BRF:0
BRH:0
end_of_record
TN:
SF:/Users/alex.iliev/Documents/Projects/Personal/NYTimesArticles/src/components/NoData/styles.js
FNF:0
FNH:0
DA:4,5
LF:1
LH:1
BRF:0
BRH:0
end_of_record
TN:
SF:/Users/alex.iliev/Documents/Projects/Personal/NYTimesArticles/src/reducers/articleReducer.js
FN:14,(anonymous_0)
FNF:1
FNH:1
FNDA:7,(anonymous_0)
DA:7,2
DA:15,7
DA:17,1
DA:22,2
DA:28,2
DA:35,2
LF:6
LH:6
BRDA:14,0,0,2
BRDA:15,1,0,1
BRDA:15,1,1,2
BRDA:15,1,2,2
BRDA:15,1,3,2
BRF:5
BRH:5
end_of_record
TN:
SF:/Users/alex.iliev/Documents/Projects/Personal/NYTimesArticles/src/sagas/index.js
FN:6,(anonymous_0)
FN:15,(anonymous_1)
FNF:2
FNH:2
FNDA:2,(anonymous_0)
FNDA:1,(anonymous_1)
DA:6,1
DA:7,2
DA:8,2
DA:9,1
DA:11,1
DA:16,1
LF:6
LH:6
BRF:0
BRH:0
end_of_record
TN:
SF:/Users/alex.iliev/Documents/Projects/Personal/NYTimesArticles/src/services/index.js
FN:1,(anonymous_0)
FN:19,(anonymous_1)
FNF:2
FNH:0
FNDA:0,(anonymous_0)
FNDA:0,(anonymous_1)
DA:1,1
DA:2,0
DA:4,0
DA:10,0
DA:13,1
DA:14,1
DA:16,1
DA:17,1
DA:19,1
LF:9
LH:6
BRF:0
BRH:0
end_of_record
